2006.09.08 11:37 B f:\website\Assaye Packaging\AP-Group.jpg --> www.mechaid.com /www/Assaye Packaging AP-Group.jpg
2006.09.08 11:37 B f:\website\Assaye Packaging\Assaye_09.jpg --> www.mechaid.com /www/Assaye Packaging Assaye_09.jpg
2006.09.08 11:37 B f:\website\Assaye Packaging\aut award.jpg --> www.mechaid.com /www/Assaye Packaging aut award.jpg
2006.09.08 11:37 B f:\website\Assaye Packaging\aut-award.jpg --> www.mechaid.com /www/Assaye Packaging aut-award.jpg
2006.09.08 11:37 B f:\website\Assaye Packaging\award2.jpg --> www.mechaid.com /www/Assaye Packaging award2.jpg
2006.09.08 11:37 B f:\website\Assaye Packaging\awards.html --> www.mechaid.com /www/Assaye Packaging awards.html
2006.09.08 11:37 B f:\website\Assaye Packaging\bag 1.jpg --> www.mechaid.com /www/Assaye Packaging bag 1.jpg
2006.09.08 11:37 B f:\website\Assaye Packaging\bags.swf --> www.mechaid.com /www/Assaye Packaging bags.swf
2006.09.08 11:37 B f:\website\Assaye Packaging\bait.html --> www.mechaid.com /www/Assaye Packaging bait.html
2006.09.08 11:37 B f:\website\Assaye Packaging\cat.html --> www.mechaid.com /www/Assaye Packaging cat.html
2006.09.08 11:37 B f:\website\Assaye Packaging\contact.html --> www.mechaid.com /www/Assaye Packaging contact.html
2006.09.08 11:37 B f:\website\Assaye Packaging\dog.html --> www.mechaid.com /www/Assaye Packaging dog.html
2006.09.08 11:37 B f:\website\Assaye Packaging\film.html --> www.mechaid.com /www/Assaye Packaging film.html
2006.09.08 11:37 B f:\website\Assaye Packaging\gallery.html --> www.mechaid.com /www/Assaye Packaging gallery.html
2006.09.08 11:37 B f:\website\Assaye Packaging\garden.html --> www.mechaid.com /www/Assaye Packaging garden.html
2006.09.08 11:37 B f:\website\Assaye Packaging\group.jpg --> www.mechaid.com /www/Assaye Packaging group.jpg
2006.09.08 11:37 B f:\website\Assaye Packaging\gus-award.jpg --> www.mechaid.com /www/Assaye Packaging gus-award.jpg
2006.09.08 11:37 B f:\website\Assaye Packaging\index.html --> www.mechaid.com /www/Assaye Packaging index.html
2006.09.08 11:37 B f:\website\Assaye Packaging\lambags.html --> www.mechaid.com /www/Assaye Packaging lambags.html
2006.09.08 11:37 B f:\website\Assaye Packaging\lampouch.html --> www.mechaid.com /www/Assaye Packaging lampouch.html
2006.09.08 11:37 B f:\website\Assaye Packaging\poly.html --> www.mechaid.com /www/Assaye Packaging poly.html
2006.09.08 11:37 B f:\website\Assaye Packaging\printed film.html --> www.mechaid.com /www/Assaye Packaging printed film.html
2006.09.08 11:37 B f:\website\Assaye Packaging\printed.html --> www.mechaid.com /www/Assaye Packaging printed.html
2006.09.08 11:37 B f:\website\Assaye Packaging\star.jpg --> www.mechaid.com /www/Assaye Packaging star.jpg
2006.09.08 11:37 B f:\website\Assaye Packaging\Thumbs.db --> www.mechaid.com /www/Assaye Packaging Thumbs.db
2006.09.08 11:37 B f:\website\Assaye Packaging\titlebar.jpg --> www.mechaid.com /www/Assaye Packaging titlebar.jpg
2006.09.08 11:37 B f:\website\Assaye Packaging\titlebarA.jpg --> www.mechaid.com /www/Assaye Packaging titlebarA.jpg
2006.09.08 11:38 B f:\website\Assaye Packaging\welcome.fla --> www.mechaid.com /www/Assaye Packaging welcome.fla
2006.09.08 11:38 B f:\website\Assaye Packaging\welcome.swf --> www.mechaid.com /www/Assaye Packaging welcome.swf
2006.09.13 10:43 B f:\website\assaye packaging\AP-Group.jpg --> assayepackaging.co.uk /www.assayepackaging.co.uk AP-Group.jpg
2006.09.13 10:43 B f:\website\assaye packaging\Assaye_09.jpg --> assayepackaging.co.uk /www.assayepackaging.co.uk Assaye_09.jpg
2006.09.13 10:43 B f:\website\assaye packaging\aut award.jpg --> assayepackaging.co.uk /www.assayepackaging.co.uk aut award.jpg
2006.09.13 10:43 B f:\website\assaye packaging\aut-award.jpg --> assayepackaging.co.uk /www.assayepackaging.co.uk aut-award.jpg
2006.09.13 10:43 B f:\website\assaye packaging\award2.jpg --> assayepackaging.co.uk /www.assayepackaging.co.uk award2.jpg
2006.09.13 10:43 B f:\website\assaye packaging\awards.html --> assayepackaging.co.uk /www.assayepackaging.co.uk awards.html
2006.09.13 10:43 B f:\website\assaye packaging\bag 1.jpg --> assayepackaging.co.uk /www.assayepackaging.co.uk bag 1.jpg
2006.09.13 10:43 B f:\website\assaye packaging\bags.fla --> assayepackaging.co.uk /www.assayepackaging.co.uk bags.fla
2006.09.13 10:43 B f:\website\assaye packaging\bags.html --> assayepackaging.co.uk /www.assayepackaging.co.uk bags.html
2006.09.13 10:44 B f:\website\assaye packaging\bags.swf --> assayepackaging.co.uk /www.assayepackaging.co.uk bags.swf
2006.09.13 10:44 B f:\website\assaye packaging\bait.html --> assayepackaging.co.uk /www.assayepackaging.co.uk bait.html
2006.09.13 10:44 B f:\website\assaye packaging\cat.html --> assayepackaging.co.uk /www.assayepackaging.co.uk cat.html
2006.09.13 10:44 B f:\website\assaye packaging\contact.html --> assayepackaging.co.uk /www.assayepackaging.co.uk contact.html
2006.09.13 10:44 B f:\website\assaye packaging\dog.html --> assayepackaging.co.uk /www.assayepackaging.co.uk dog.html
2006.09.13 10:44 B f:\website\assaye packaging\film.html --> assayepackaging.co.uk /www.assayepackaging.co.uk film.html
2006.09.13 10:44 B f:\website\assaye packaging\gallery.html --> assayepackaging.co.uk /www.assayepackaging.co.uk gallery.html
2006.09.13 10:44 B f:\website\assaye packaging\garden.html --> assayepackaging.co.uk /www.assayepackaging.co.uk garden.html
2006.09.13 10:44 B f:\website\assaye packaging\group.jpg --> assayepackaging.co.uk /www.assayepackaging.co.uk group.jpg
2006.09.13 10:44 B f:\website\assaye packaging\gus-award.jpg --> assayepackaging.co.uk /www.assayepackaging.co.uk gus-award.jpg
2006.09.13 10:44 B f:\website\assaye packaging\index.html --> assayepackaging.co.uk /www.assayepackaging.co.uk index.html
2006.09.13 10:44 B f:\website\assaye packaging\lambags.html --> assayepackaging.co.uk /www.assayepackaging.co.uk lambags.html
2006.09.13 10:44 B f:\website\assaye packaging\lampouch.html --> assayepackaging.co.uk /www.assayepackaging.co.uk lampouch.html
2006.09.13 10:44 B f:\website\assaye packaging\poly.html --> assayepackaging.co.uk /www.assayepackaging.co.uk poly.html
2006.09.13 10:44 B f:\website\assaye packaging\printed film.html --> assayepackaging.co.uk /www.assayepackaging.co.uk printed film.html
2006.09.13 10:44 B f:\website\assaye packaging\printed.html --> assayepackaging.co.uk /www.assayepackaging.co.uk printed.html
2006.09.13 10:44 B f:\website\assaye packaging\star.jpg --> assayepackaging.co.uk /www.assayepackaging.co.uk star.jpg
2006.09.13 10:44 B f:\website\assaye packaging\Thumbs.db --> assayepackaging.co.uk /www.assayepackaging.co.uk Thumbs.db
2006.09.13 10:44 B f:\website\assaye packaging\titlebar.jpg --> assayepackaging.co.uk /www.assayepackaging.co.uk titlebar.jpg
2006.09.13 10:44 B f:\website\assaye packaging\titlebarA.jpg --> assayepackaging.co.uk /www.assayepackaging.co.uk titlebarA.jpg
2006.09.13 10:44 B f:\website\assaye packaging\welcome.fla --> assayepackaging.co.uk /www.assayepackaging.co.uk welcome.fla
2006.09.13 10:44 B f:\website\assaye packaging\welcome.swf --> assayepackaging.co.uk /www.assayepackaging.co.uk welcome.swf
2006.11.29 17:11 B F:\Website\Assaye Packaging\index.html --> assayepackaging.co.uk /www.assayepackaging.co.uk index.html
2007.01.05 15:52 B F:\Website\Assaye Packaging\Assaye Packaging.zip --> assayepackaging.co.uk /www.assayepackaging.co.uk Assaye Packaging.zip
2007.01.05 15:53 B F:\Website\Assaye Packaging\Assaye Packaging.zip --> assayepackaging.co.uk /www.assayepackaging.co.uk Assaye Packaging.zip
2007.01.05 15:56 B F:\Website\Assaye Packaging\bait.html --> assayepackaging.co.uk /www.assayepackaging.co.uk bait.html
2007.01.05 15:56 B F:\Website\Assaye Packaging\bait.html --> assayepackaging.co.uk /www.assayepackaging.co.uk bait.html
2007.01.05 15:57 B F:\Website\Assaye Packaging\bags.swf --> assayepackaging.co.uk /www.assayepackaging.co.uk bags.swf
2007.01.05 15:57 B F:\Website\Assaye Packaging\bait.html --> assayepackaging.co.uk /www.assayepackaging.co.uk bait.html
2007.01.05 15:57 B F:\Website\Assaye Packaging\bait2.html --> assayepackaging.co.uk /www.assayepackaging.co.uk bait2.html
2007.01.05 15:59 B F:\Website\Assaye Packaging\bait2.html --> assayepackaging.co.uk /www.assayepackaging.co.uk bait2.html
2007.01.05 16:11 B F:\Website\Assaye Packaging\awards.html --> assayepackaging.co.uk /www.assayepackaging.co.uk awards.html
2007.01.05 16:12 B F:\Website\Assaye Packaging\bait2.html --> assayepackaging.co.uk /www.assayepackaging.co.uk bait2.html
2007.01.05 16:13 B F:\Website\Assaye Packaging\bait2.html --> assayepackaging.co.uk /www.assayepackaging.co.uk bait2.html
2007.01.05 16:13 B F:\Website\Assaye Packaging\bait3.html --> assayepackaging.co.uk /www.assayepackaging.co.uk bait3.html
2007.01.05 16:13 B F:\Website\Assaye Packaging\cat.html --> assayepackaging.co.uk /www.assayepackaging.co.uk cat.html
2007.01.05 16:15 B F:\Website\Assaye Packaging\index.html --> assayepackaging.co.uk /www.assayepackaging.co.uk index.html
2007.01.05 16:18 B F:\Website\Assaye Packaging\gallery.html --> assayepackaging.co.uk /www.assayepackaging.co.uk gallery.html
2007.01.05 16:18 B F:\Website\Assaye Packaging\garden.html --> assayepackaging.co.uk /www.assayepackaging.co.uk garden.html
2007.01.05 16:19 B F:\Website\Assaye Packaging\lambags.html --> assayepackaging.co.uk /www.assayepackaging.co.uk lambags.html
2007.01.05 16:19 B F:\Website\Assaye Packaging\lampouch.html --> assayepackaging.co.uk /www.assayepackaging.co.uk lampouch.html
2007.01.05 16:19 B F:\Website\Assaye Packaging\poly.html --> assayepackaging.co.uk /www.assayepackaging.co.uk poly.html
2007.01.05 16:21 B F:\Website\Assaye Packaging\awards.html --> assayepackaging.co.uk /www.assayepackaging.co.uk awards.html
2007.01.05 16:22 B F:\Website\Assaye Packaging\garden.html --> assayepackaging.co.uk /www.assayepackaging.co.uk garden.html
2007.01.05 16:23 B F:\Website\Assaye Packaging\printed film.html --> assayepackaging.co.uk /www.assayepackaging.co.uk printed film.html
2007.01.05 16:24 B F:\Website\Assaye Packaging\awards.html --> assayepackaging.co.uk /www.assayepackaging.co.uk awards.html
2007.01.05 16:24 B F:\Website\Assaye Packaging\bags.fla --> assayepackaging.co.uk /www.assayepackaging.co.uk bags.fla
2007.01.05 16:25 B F:\Website\Assaye Packaging\bags.swf --> assayepackaging.co.uk /www.assayepackaging.co.uk bags.swf
2007.01.05 16:25 B F:\Website\Assaye Packaging\bait.html --> assayepackaging.co.uk /www.assayepackaging.co.uk bait.html
2007.01.05 16:25 B F:\Website\Assaye Packaging\bait2.html --> assayepackaging.co.uk /www.assayepackaging.co.uk bait2.html
2007.01.05 16:25 B F:\Website\Assaye Packaging\bait3.html --> assayepackaging.co.uk /www.assayepackaging.co.uk bait3.html
2007.01.05 16:25 B F:\Website\Assaye Packaging\cat.html --> assayepackaging.co.uk /www.assayepackaging.co.uk cat.html
2007.01.05 16:25 B F:\Website\Assaye Packaging\contact.html --> assayepackaging.co.uk /www.assayepackaging.co.uk contact.html
2007.01.05 16:25 B F:\Website\Assaye Packaging\dog.html --> assayepackaging.co.uk /www.assayepackaging.co.uk dog.html
2007.01.05 16:25 B F:\Website\Assaye Packaging\dog2.html --> assayepackaging.co.uk /www.assayepackaging.co.uk dog2.html
2007.01.05 16:25 B F:\Website\Assaye Packaging\dog3.html --> assayepackaging.co.uk /www.assayepackaging.co.uk dog3.html
2007.01.05 16:25 B F:\Website\Assaye Packaging\film.html --> assayepackaging.co.uk /www.assayepackaging.co.uk film.html
2007.01.05 16:25 B F:\Website\Assaye Packaging\gallery.html --> assayepackaging.co.uk /www.assayepackaging.co.uk gallery.html
2007.01.05 16:25 B F:\Website\Assaye Packaging\garden.html --> assayepackaging.co.uk /www.assayepackaging.co.uk garden.html
2007.01.05 16:25 B F:\Website\Assaye Packaging\garden2.html --> assayepackaging.co.uk /www.assayepackaging.co.uk garden2.html
2007.01.05 16:25 B F:\Website\Assaye Packaging\garden3.html --> assayepackaging.co.uk /www.assayepackaging.co.uk garden3.html
2007.01.05 16:25 B F:\Website\Assaye Packaging\group.jpg --> assayepackaging.co.uk /www.assayepackaging.co.uk group.jpg
2007.01.05 16:25 B F:\Website\Assaye Packaging\gusto-printed-film.jpg --> assayepackaging.co.uk /www.assayepackaging.co.uk gusto-printed-film.jpg
2007.01.05 16:32 B F:\Website\Assaye Packaging\gusto-printed-film.jpg --> assayepackaging.co.uk /www.assayepackaging.co.uk gusto-printed-film.jpg
2007.01.05 16:49 B F:\Website\Assaye Packaging\awards.html --> assayepackaging.co.uk /www.assayepackaging.co.uk awards.html
2007.01.05 16:49 B F:\Website\Assaye Packaging\bags.fla --> assayepackaging.co.uk /www.assayepackaging.co.uk bags.fla
2007.01.05 16:49 B F:\Website\Assaye Packaging\bags.swf --> assayepackaging.co.uk /www.assayepackaging.co.uk bags.swf
2007.01.05 16:49 B F:\Website\Assaye Packaging\bait.html --> assayepackaging.co.uk /www.assayepackaging.co.uk bait.html
2007.01.05 16:49 B F:\Website\Assaye Packaging\bait2.html --> assayepackaging.co.uk /www.assayepackaging.co.uk bait2.html
2007.01.05 16:49 B F:\Website\Assaye Packaging\bait3.html --> assayepackaging.co.uk /www.assayepackaging.co.uk bait3.html
2007.01.05 16:49 B F:\Website\Assaye Packaging\cat.html --> assayepackaging.co.uk /www.assayepackaging.co.uk cat.html
2007.01.05 16:49 B F:\Website\Assaye Packaging\contact.html --> assayepackaging.co.uk /www.assayepackaging.co.uk contact.html
2007.01.05 16:49 B F:\Website\Assaye Packaging\dog.html --> assayepackaging.co.uk /www.assayepackaging.co.uk dog.html
2007.01.05 16:49 B F:\Website\Assaye Packaging\dog2.html --> assayepackaging.co.uk /www.assayepackaging.co.uk dog2.html
2007.01.05 16:49 B F:\Website\Assaye Packaging\dog3.html --> assayepackaging.co.uk /www.assayepackaging.co.uk dog3.html
2007.01.05 16:49 B F:\Website\Assaye Packaging\film.html --> assayepackaging.co.uk /www.assayepackaging.co.uk film.html
2007.01.05 16:49 B F:\Website\Assaye Packaging\gallery.html --> assayepackaging.co.uk /www.assayepackaging.co.uk gallery.html
2007.01.05 16:49 B F:\Website\Assaye Packaging\garden.html --> assayepackaging.co.uk /www.assayepackaging.co.uk garden.html
2007.01.05 16:49 B F:\Website\Assaye Packaging\garden2.html --> assayepackaging.co.uk /www.assayepackaging.co.uk garden2.html
2007.01.05 16:49 B F:\Website\Assaye Packaging\garden3.html --> assayepackaging.co.uk /www.assayepackaging.co.uk garden3.html
2007.01.05 16:49 B F:\Website\Assaye Packaging\group.jpg --> assayepackaging.co.uk /www.assayepackaging.co.uk group.jpg
2007.01.05 16:49 B F:\Website\Assaye Packaging\index.html --> assayepackaging.co.uk /www.assayepackaging.co.uk index.html
2007.01.05 16:49 B F:\Website\Assaye Packaging\lambags.html --> assayepackaging.co.uk /www.assayepackaging.co.uk lambags.html
2007.01.05 16:49 B F:\Website\Assaye Packaging\lampouch.html --> assayepackaging.co.uk /www.assayepackaging.co.uk lampouch.html
2007.01.05 16:49 B F:\Website\Assaye Packaging\poly.html --> assayepackaging.co.uk /www.assayepackaging.co.uk poly.html
2007.01.05 16:49 B F:\Website\Assaye Packaging\printed film.html --> assayepackaging.co.uk /www.assayepackaging.co.uk printed film.html
2007.01.05 16:49 B F:\Website\Assaye Packaging\Thumbs.db --> assayepackaging.co.uk /www.assayepackaging.co.uk Thumbs.db
2007.01.05 16:49 B F:\Website\Assaye Packaging\titlebarA.jpg --> assayepackaging.co.uk /www.assayepackaging.co.uk titlebarA.jpg
2007.01.05 16:49 B F:\Website\Assaye Packaging\welcome.fla --> assayepackaging.co.uk /www.assayepackaging.co.uk welcome.fla
2007.01.05 16:49 B F:\Website\Assaye Packaging\welcome.swf --> assayepackaging.co.uk /www.assayepackaging.co.uk welcome.swf
2007.01.05 17:21 B F:\Website\Assaye Packaging\bait.html --> assayepackaging.co.uk /www.assayepackaging.co.uk bait.html
2007.01.05 17:21 B F:\Website\Assaye Packaging\bait2.html --> assayepackaging.co.uk /www.assayepackaging.co.uk bait2.html
2007.01.05 17:21 B F:\Website\Assaye Packaging\bait3.html --> assayepackaging.co.uk /www.assayepackaging.co.uk bait3.html
2007.01.05 18:39 B F:\Website\Assaye Packaging\gallery.html --> assayepackaging.co.uk /www.assayepackaging.co.uk gallery.html
2007.01.05 18:39 B F:\Website\Assaye Packaging\poly.html --> assayepackaging.co.uk /www.assayepackaging.co.uk poly.html
2007.01.05 18:39 B F:\Website\Assaye Packaging\lampouch.html --> assayepackaging.co.uk /www.assayepackaging.co.uk lampouch.html
2007.01.05 18:39 B F:\Website\Assaye Packaging\lambags.html --> assayepackaging.co.uk /www.assayepackaging.co.uk lambags.html
2007.01.05 18:42 B F:\Website\Assaye Packaging\printed film.html --> assayepackaging.co.uk /www.assayepackaging.co.uk printed film.html
2007.01.05 18:44 B F:\Website\Assaye Packaging\gallery.html --> assayepackaging.co.uk /www.assayepackaging.co.uk gallery.html
2007.01.06 18:44 B F:\Website\Assaye Packaging\awards.html --> assayepackaging.co.uk /www.assayepackaging.co.uk awards.html
2007.01.06 18:44 B F:\Website\Assaye Packaging\bags.fla --> assayepackaging.co.uk /www.assayepackaging.co.uk bags.fla
2007.01.06 18:44 B F:\Website\Assaye Packaging\bags.swf --> assayepackaging.co.uk /www.assayepackaging.co.uk bags.swf
2007.01.06 18:44 B F:\Website\Assaye Packaging\bait.html --> assayepackaging.co.uk /www.assayepackaging.co.uk bait.html
2007.01.06 18:44 B F:\Website\Assaye Packaging\bait2.html --> assayepackaging.co.uk /www.assayepackaging.co.uk bait2.html
2007.01.06 18:44 B F:\Website\Assaye Packaging\bait3.html --> assayepackaging.co.uk /www.assayepackaging.co.uk bait3.html
2007.01.06 18:44 B F:\Website\Assaye Packaging\cat.html --> assayepackaging.co.uk /www.assayepackaging.co.uk cat.html
2007.01.06 18:44 B F:\Website\Assaye Packaging\contact.html --> assayepackaging.co.uk /www.assayepackaging.co.uk contact.html
2007.01.06 18:44 B F:\Website\Assaye Packaging\dog.html --> assayepackaging.co.uk /www.assayepackaging.co.uk dog.html
2007.01.06 18:44 B F:\Website\Assaye Packaging\dog2.html --> assayepackaging.co.uk /www.assayepackaging.co.uk dog2.html
2007.01.06 18:44 B F:\Website\Assaye Packaging\dog3.html --> assayepackaging.co.uk /www.assayepackaging.co.uk dog3.html
2007.01.06 18:44 B F:\Website\Assaye Packaging\film.html --> assayepackaging.co.uk /www.assayepackaging.co.uk film.html
2007.01.06 18:44 B F:\Website\Assaye Packaging\gallery.html --> assayepackaging.co.uk /www.assayepackaging.co.uk gallery.html
2007.01.06 18:44 B F:\Website\Assaye Packaging\garden.html --> assayepackaging.co.uk /www.assayepackaging.co.uk garden.html
2007.01.06 18:45 B F:\Website\Assaye Packaging\garden2.html --> assayepackaging.co.uk /www.assayepackaging.co.uk garden2.html
2007.01.06 18:45 B F:\Website\Assaye Packaging\garden3.html --> assayepackaging.co.uk /www.assayepackaging.co.uk garden3.html
2007.01.06 18:45 B F:\Website\Assaye Packaging\group.jpg --> assayepackaging.co.uk /www.assayepackaging.co.uk group.jpg
2007.01.06 18:45 B F:\Website\Assaye Packaging\index.html --> assayepackaging.co.uk /www.assayepackaging.co.uk index.html
2007.01.06 18:45 B F:\Website\Assaye Packaging\lambags.html --> assayepackaging.co.uk /www.assayepackaging.co.uk lambags.html
2007.01.06 18:45 B F:\Website\Assaye Packaging\lampouch.html --> assayepackaging.co.uk /www.assayepackaging.co.uk lampouch.html
2007.01.06 18:45 B F:\Website\Assaye Packaging\poly.html --> assayepackaging.co.uk /www.assayepackaging.co.uk poly.html
2007.01.06 18:45 B F:\Website\Assaye Packaging\printed film.html --> assayepackaging.co.uk /www.assayepackaging.co.uk printed film.html
2007.01.06 18:45 B F:\Website\Assaye Packaging\Thumbs.db --> assayepackaging.co.uk /www.assayepackaging.co.uk Thumbs.db
2007.01.06 18:45 B F:\Website\Assaye Packaging\titlebarA.jpg --> assayepackaging.co.uk /www.assayepackaging.co.uk titlebarA.jpg
2007.01.06 18:45 B F:\Website\Assaye Packaging\welcome.fla --> assayepackaging.co.uk /www.assayepackaging.co.uk welcome.fla
2007.01.06 18:45 B F:\Website\Assaye Packaging\welcome.swf --> assayepackaging.co.uk /www.assayepackaging.co.uk welcome.swf
2007.01.06 18:49 B F:\Website\Assaye Packaging\bait2.html --> assayepackaging.co.uk /www.assayepackaging.co.uk bait2.html
2007.01.07 13:40 B F:\Website\Assaye Packaging\gallery.html --> assayepackaging.co.uk /www.assayepackaging.co.uk gallery.html
2007.01.08 14:16 B F:\Website\Assaye Packaging\bait3.html --> assayepackaging.co.uk /www.assayepackaging.co.uk bait3.html
2007.01.08 14:16 B F:\Website\Assaye Packaging\bait2.html --> assayepackaging.co.uk /www.assayepackaging.co.uk bait2.html
2007.01.08 14:16 B F:\Website\Assaye Packaging\bait.html --> assayepackaging.co.uk /www.assayepackaging.co.uk bait.html
2007.01.08 14:16 B F:\Website\Assaye Packaging\dog3.html --> assayepackaging.co.uk /www.assayepackaging.co.uk dog3.html
2007.01.08 14:16 B F:\Website\Assaye Packaging\dog.html --> assayepackaging.co.uk /www.assayepackaging.co.uk dog.html
2007.01.08 14:16 B F:\Website\Assaye Packaging\cat.html --> assayepackaging.co.uk /www.assayepackaging.co.uk cat.html
2007.01.08 14:16 B F:\Website\Assaye Packaging\garden3.html --> assayepackaging.co.uk /www.assayepackaging.co.uk garden3.html
2007.01.08 14:16 B F:\Website\Assaye Packaging\garden.html --> assayepackaging.co.uk /www.assayepackaging.co.uk garden.html
2007.01.08 14:16 B F:\Website\Assaye Packaging\garden2.html --> assayepackaging.co.uk /www.assayepackaging.co.uk garden2.html
2007.01.08 14:16 B F:\Website\Assaye Packaging\dog2.html --> assayepackaging.co.uk /www.assayepackaging.co.uk dog2.html
2007.01.08 14:18 B F:\Website\Assaye Packaging\garden.html --> assayepackaging.co.uk /www.assayepackaging.co.uk garden.html
2007.01.08 14:21 B F:\Website\Assaye Packaging\garden2.html --> assayepackaging.co.uk /www.assayepackaging.co.uk garden2.html
2007.01.08 19:41 B F:\Website\Assaye Packaging\Glee.html --> assayepackaging.co.uk /www.assayepackaging.co.uk Glee.html
2007.01.11 14:01 B F:\Website\Assaye Packaging\index.html --> assayepackaging.co.uk /www.assayepackaging.co.uk index.html
2007.01.11 14:01 B F:\Website\Assaye Packaging\printed film.html --> assayepackaging.co.uk /www.assayepackaging.co.uk printed film.html
2007.01.11 14:06 B F:\Website\Assaye Packaging\Glee.html --> assayepackaging.co.uk /www.assayepackaging.co.uk Glee.html
2007.01.25 17:59 B F:\Website\Assaye Packaging\contact.html --> assayepackaging.co.uk /www.assayepackaging.co.uk contact.html
2007.02.01 16:46 B F:\Website\Assaye Packaging\dog3.html --> assayepackaging.co.uk /www.assayepackaging.co.uk dog3.html
2007.02.01 16:46 B F:\Website\Assaye Packaging\dog4.html --> assayepackaging.co.uk /www.assayepackaging.co.uk dog4.html
2007.02.01 16:46 B F:\Website\Assaye Packaging\index.html --> assayepackaging.co.uk /www.assayepackaging.co.uk index.html
2007.02.01 16:48 B F:\Website\Assaye Packaging\index.html --> assayepackaging.co.uk /www.assayepackaging.co.uk index.html
2007.02.02 20:20 B F:\Website\Assaye Packaging\dog4.html --> assayepackaging.co.uk /www.assayepackaging.co.uk dog4.html
2007.05.23 11:35 B F:\Website\Assaye Packaging\dog4.html --> assayepackaging.co.uk /www.assayepackaging.co.uk dog4.html
2007.05.23 11:35 B F:\Website\Assaye Packaging\dog5.html --> assayepackaging.co.uk /www.assayepackaging.co.uk dog5.html
2007.05.23 11:35 B F:\Website\Assaye Packaging\dog3.html --> assayepackaging.co.uk /www.assayepackaging.co.uk dog3.html
2007.06.05 14:46 B F:\Website\Assaye Packaging\awards.html --> assayepackaging.co.uk /www.assayepackaging.co.uk awards.html
2007.06.05 14:47 B F:\Website\Assaye Packaging\index.html --> assayepackaging.co.uk /www.assayepackaging.co.uk index.html
2007.06.05 14:50 B F:\Website\Assaye Packaging\awards.html --> assayepackaging.co.uk /www.assayepackaging.co.uk awards.html
2007.06.05 18:45 B F:\Website\Assaye Packaging\index.html --> assayepackaging.co.uk /www.assayepackaging.co.uk index.html
2007.06.05 18:45 B F:\Website\Assaye Packaging\bags2.swf --> assayepackaging.co.uk /www.assayepackaging.co.uk bags2.swf
2007.06.06 09:18 B F:\Website\Assaye Packaging\awards.html --> assayepackaging.co.uk /www.assayepackaging.co.uk awards.html
2007.06.06 09:18 B F:\Website\Assaye Packaging\index.html --> assayepackaging.co.uk /www.assayepackaging.co.uk index.html
2007.10.04 14:22 B F:\Website\Assaye Packaging\index.html --> assayepackaging.co.uk /www.assayepackaging.co.uk index.html
2008.02.14 15:01 B F:\Website\Assaye Packaging\index.html --> assayepackaging.co.uk /www.assayepackaging.co.uk index.html
2008.04.04 16:45 B F:\Website\Assaye Packaging\cat.html <-- assaye packaging /www.assayepackaging.co.uk cat.html
2008.04.08 23:10 B F:\Website\Assaye Packaging\awards.html --> assayepackaging.co.uk /www.assayepackaging.co.uk awards.html
2008.04.08 23:10 B F:\Website\Assaye Packaging\bags.swf --> assayepackaging.co.uk /www.assayepackaging.co.uk bags.swf
2008.04.08 23:10 B F:\Website\Assaye Packaging\bags2.swf --> assayepackaging.co.uk /www.assayepackaging.co.uk bags2.swf
2008.04.08 23:10 B F:\Website\Assaye Packaging\bait.html --> assayepackaging.co.uk /www.assayepackaging.co.uk bait.html
2008.04.08 23:10 B F:\Website\Assaye Packaging\bait2.html --> assayepackaging.co.uk /www.assayepackaging.co.uk bait2.html
2008.04.08 23:10 B F:\Website\Assaye Packaging\bait3.html --> assayepackaging.co.uk /www.assayepackaging.co.uk bait3.html
2008.04.08 23:10 B F:\Website\Assaye Packaging\blank.html --> assayepackaging.co.uk /www.assayepackaging.co.uk blank.html
2008.04.08 23:10 B F:\Website\Assaye Packaging\cat.html --> assayepackaging.co.uk /www.assayepackaging.co.uk cat.html
2008.04.08 23:10 B F:\Website\Assaye Packaging\cat1.html --> assayepackaging.co.uk /www.assayepackaging.co.uk cat1.html
2008.04.08 23:10 B F:\Website\Assaye Packaging\cat2.html --> assayepackaging.co.uk /www.assayepackaging.co.uk cat2.html
2008.04.08 23:10 B F:\Website\Assaye Packaging\cat3.html --> assayepackaging.co.uk /www.assayepackaging.co.uk cat3.html
2008.04.08 23:11 B F:\Website\Assaye Packaging\cat4.html --> assayepackaging.co.uk /www.assayepackaging.co.uk cat4.html
2008.04.08 23:11 B F:\Website\Assaye Packaging\cat5.html --> assayepackaging.co.uk /www.assayepackaging.co.uk cat5.html
2008.04.08 23:11 B F:\Website\Assaye Packaging\cat8.html --> assayepackaging.co.uk /www.assayepackaging.co.uk cat8.html
2008.04.08 23:11 B F:\Website\Assaye Packaging\claire de lune.WAV --> assayepackaging.co.uk /www.assayepackaging.co.uk claire de lune.WAV
2008.04.08 23:11 B F:\Website\Assaye Packaging\cat4.html --> assayepackaging.co.uk /www.assayepackaging.co.uk cat4.html
2008.04.08 23:11 B F:\Website\Assaye Packaging\cat5.html --> assayepackaging.co.uk /www.assayepackaging.co.uk cat5.html
2008.04.08 23:11 B F:\Website\Assaye Packaging\cat8.html --> assayepackaging.co.uk /www.assayepackaging.co.uk cat8.html
2008.04.08 23:12 B F:\Website\Assaye Packaging\claire de lune.WAV --> assayepackaging.co.uk /www.assayepackaging.co.uk claire de lune.WAV
2008.04.08 23:12 B F:\Website\Assaye Packaging\almo group.html --> assayepackaging.co.uk /www.assayepackaging.co.uk almo group.html
2008.04.08 23:13 B F:\Website\Assaye Packaging\Glee.html --> assayepackaging.co.uk /www.assayepackaging.co.uk Glee.html
2008.04.08 23:13 B F:\Website\Assaye Packaging\lambags.html --> assayepackaging.co.uk /www.assayepackaging.co.uk lambags.html
2008.04.08 23:13 B F:\Website\Assaye Packaging\lampouch.html --> assayepackaging.co.uk /www.assayepackaging.co.uk lampouch.html
2008.04.08 23:13 B F:\Website\Assaye Packaging\np5.html --> assayepackaging.co.uk /www.assayepackaging.co.uk np5.html
2008.04.08 23:13 B F:\Website\Assaye Packaging\np4.html --> assayepackaging.co.uk /www.assayepackaging.co.uk np4.html
2008.04.08 23:13 B F:\Website\Assaye Packaging\np3.html --> assayepackaging.co.uk /www.assayepackaging.co.uk np3.html
2008.04.08 23:13 B F:\Website\Assaye Packaging\np2.html --> assayepackaging.co.uk /www.assayepackaging.co.uk np2.html
2008.04.08 23:13 B F:\Website\Assaye Packaging\np.html --> assayepackaging.co.uk /www.assayepackaging.co.uk np.html
2008.04.08 23:13 B F:\Website\Assaye Packaging\printed film.html --> assayepackaging.co.uk /www.assayepackaging.co.uk printed film.html
2008.04.08 23:13 B F:\Website\Assaye Packaging\gallery.html --> assayepackaging.co.uk /www.assayepackaging.co.uk gallery.html
2008.04.08 23:14 B F:\Website\Assaye Packaging\cat3.html --> assayepackaging.co.uk /www.assayepackaging.co.uk cat3.html
2008.04.08 23:14 B F:\Website\Assaye Packaging\dog4.html --> assayepackaging.co.uk /www.assayepackaging.co.uk dog4.html
2008.04.08 23:14 B F:\Website\Assaye Packaging\dog14.html --> assayepackaging.co.uk /www.assayepackaging.co.uk dog14.html
2008.04.08 23:14 B F:\Website\Assaye Packaging\dog13.html --> assayepackaging.co.uk /www.assayepackaging.co.uk dog13.html
2008.04.08 23:14 B F:\Website\Assaye Packaging\index.html --> assayepackaging.co.uk /www.assayepackaging.co.uk index.html
2008.04.08 23:14 B F:\Website\Assaye Packaging\claire de lune.WAV --> assayepackaging.co.uk /www.assayepackaging.co.uk claire de lune.WAV
2008.04.08 23:14 B F:\Website\Assaye Packaging\Glee.html --> assayepackaging.co.uk /www.assayepackaging.co.uk Glee.html
2008.04.08 23:14 B F:\Website\Assaye Packaging\lambags.html --> assayepackaging.co.uk /www.assayepackaging.co.uk lambags.html
2008.04.08 23:14 B F:\Website\Assaye Packaging\lampouch.html --> assayepackaging.co.uk /www.assayepackaging.co.uk lampouch.html
2008.04.08 23:14 B F:\Website\Assaye Packaging\np5.html --> assayepackaging.co.uk /www.assayepackaging.co.uk np5.html
2008.04.08 23:14 B F:\Website\Assaye Packaging\np4.html --> assayepackaging.co.uk /www.assayepackaging.co.uk np4.html
2008.04.08 23:14 B F:\Website\Assaye Packaging\np3.html --> assayepackaging.co.uk /www.assayepackaging.co.uk np3.html
2008.04.08 23:14 B F:\Website\Assaye Packaging\np2.html --> assayepackaging.co.uk /www.assayepackaging.co.uk np2.html
2008.04.08 23:14 B F:\Website\Assaye Packaging\np.html --> assayepackaging.co.uk /www.assayepackaging.co.uk np.html
2008.04.08 23:14 B F:\Website\Assaye Packaging\printed film.html --> assayepackaging.co.uk /www.assayepackaging.co.uk printed film.html
2008.04.08 23:14 B F:\Website\Assaye Packaging\gallery.html --> assayepackaging.co.uk /www.assayepackaging.co.uk gallery.html
2008.04.08 23:14 B F:\Website\Assaye Packaging\cat3.html --> assayepackaging.co.uk /www.assayepackaging.co.uk cat3.html
2008.04.08 23:14 B F:\Website\Assaye Packaging\dog4.html --> assayepackaging.co.uk /www.assayepackaging.co.uk dog4.html
2008.04.08 23:14 B F:\Website\Assaye Packaging\dog14.html --> assayepackaging.co.uk /www.assayepackaging.co.uk dog14.html
2008.04.08 23:14 B F:\Website\Assaye Packaging\dog13.html --> assayepackaging.co.uk /www.assayepackaging.co.uk dog13.html
2008.04.08 23:14 B F:\Website\Assaye Packaging\index.html --> assayepackaging.co.uk /www.assayepackaging.co.uk index.html
2008.04.08 23:14 B F:\Website\Assaye Packaging\claire de lune.WAV --> assayepackaging.co.uk /www.assayepackaging.co.uk claire de lune.WAV
2008.04.08 23:14 B F:\Website\Assaye Packaging\gallery.html --> assayepackaging.co.uk /www.assayepackaging.co.uk gallery.html
2008.04.08 23:14 B F:\Website\Assaye Packaging\index.html --> assayepackaging.co.uk /www.assayepackaging.co.uk index.html
2008.04.09 09:22 B F:\Website\Assaye Packaging\almo group.html --> assayepackaging.co.uk /www.assayepackaging.co.uk almo group.html
2008.04.09 09:22 B F:\Website\Assaye Packaging\awards.html --> assayepackaging.co.uk /www.assayepackaging.co.uk awards.html
2008.04.09 09:22 B F:\Website\Assaye Packaging\bags.fla --> assayepackaging.co.uk /www.assayepackaging.co.uk bags.fla
2008.04.09 09:22 B F:\Website\Assaye Packaging\bags.swf --> assayepackaging.co.uk /www.assayepackaging.co.uk bags.swf
2008.04.09 09:22 B F:\Website\Assaye Packaging\bags2.swf --> assayepackaging.co.uk /www.assayepackaging.co.uk bags2.swf
2008.04.09 09:22 B F:\Website\Assaye Packaging\bait.html --> assayepackaging.co.uk /www.assayepackaging.co.uk bait.html
2008.04.09 09:22 B F:\Website\Assaye Packaging\bait2.html --> assayepackaging.co.uk /www.assayepackaging.co.uk bait2.html
2008.04.09 09:22 B F:\Website\Assaye Packaging\bait3.html --> assayepackaging.co.uk /www.assayepackaging.co.uk bait3.html
2008.04.09 09:22 B F:\Website\Assaye Packaging\blank.html --> assayepackaging.co.uk /www.assayepackaging.co.uk blank.html
2008.04.09 09:22 B F:\Website\Assaye Packaging\cat.html --> assayepackaging.co.uk /www.assayepackaging.co.uk cat.html
2008.04.09 09:22 B F:\Website\Assaye Packaging\cat1.html --> assayepackaging.co.uk /www.assayepackaging.co.uk cat1.html
2008.04.09 09:22 B F:\Website\Assaye Packaging\cat2.html --> assayepackaging.co.uk /www.assayepackaging.co.uk cat2.html
2008.04.09 09:22 B F:\Website\Assaye Packaging\cat3.html --> assayepackaging.co.uk /www.assayepackaging.co.uk cat3.html
2008.04.09 09:22 B F:\Website\Assaye Packaging\cat4.html --> assayepackaging.co.uk /www.assayepackaging.co.uk cat4.html
2008.04.09 09:22 B F:\Website\Assaye Packaging\cat5.html --> assayepackaging.co.uk /www.assayepackaging.co.uk cat5.html
2008.04.09 09:22 B F:\Website\Assaye Packaging\cat8.html --> assayepackaging.co.uk /www.assayepackaging.co.uk cat8.html
2008.04.09 09:22 B F:\Website\Assaye Packaging\contact.html --> assayepackaging.co.uk /www.assayepackaging.co.uk contact.html
2008.04.09 09:22 B F:\Website\Assaye Packaging\dog.html --> assayepackaging.co.uk /www.assayepackaging.co.uk dog.html
2008.04.09 09:22 B F:\Website\Assaye Packaging\dog10.html --> assayepackaging.co.uk /www.assayepackaging.co.uk dog10.html
2008.04.09 09:22 B F:\Website\Assaye Packaging\dog11.html --> assayepackaging.co.uk /www.assayepackaging.co.uk dog11.html
2008.04.09 09:22 B F:\Website\Assaye Packaging\dog12.html --> assayepackaging.co.uk /www.assayepackaging.co.uk dog12.html
2008.04.09 09:22 B F:\Website\Assaye Packaging\dog13.html --> assayepackaging.co.uk /www.assayepackaging.co.uk dog13.html
2008.04.09 09:22 B F:\Website\Assaye Packaging\dog14.html --> assayepackaging.co.uk /www.assayepackaging.co.uk dog14.html
2008.04.09 09:22 B F:\Website\Assaye Packaging\dog15.html --> assayepackaging.co.uk /www.assayepackaging.co.uk dog15.html
2008.04.09 09:22 B F:\Website\Assaye Packaging\dog2.html --> assayepackaging.co.uk /www.assayepackaging.co.uk dog2.html
2008.04.09 09:22 B F:\Website\Assaye Packaging\dog3.html --> assayepackaging.co.uk /www.assayepackaging.co.uk dog3.html
2008.04.09 09:22 B F:\Website\Assaye Packaging\dog4.html --> assayepackaging.co.uk /www.assayepackaging.co.uk dog4.html
2008.04.09 09:22 B F:\Website\Assaye Packaging\dog5.html --> assayepackaging.co.uk /www.assayepackaging.co.uk dog5.html
2008.04.09 09:22 B F:\Website\Assaye Packaging\dog6.html --> assayepackaging.co.uk /www.assayepackaging.co.uk dog6.html
2008.04.09 09:22 B F:\Website\Assaye Packaging\dog7.html --> assayepackaging.co.uk /www.assayepackaging.co.uk dog7.html
2008.04.09 09:22 B F:\Website\Assaye Packaging\dog8.html --> assayepackaging.co.uk /www.assayepackaging.co.uk dog8.html
2008.04.09 09:22 B F:\Website\Assaye Packaging\dog9.html --> assayepackaging.co.uk /www.assayepackaging.co.uk dog9.html
2008.04.09 09:22 B F:\Website\Assaye Packaging\film.html --> assayepackaging.co.uk /www.assayepackaging.co.uk film.html
2008.04.09 09:22 B F:\Website\Assaye Packaging\gallery.html --> assayepackaging.co.uk /www.assayepackaging.co.uk gallery.html
2008.04.09 09:22 B F:\Website\Assaye Packaging\garden.html --> assayepackaging.co.uk /www.assayepackaging.co.uk garden.html
2008.04.09 09:22 B F:\Website\Assaye Packaging\garden1.html --> assayepackaging.co.uk /www.assayepackaging.co.uk garden1.html
2008.04.09 09:22 B F:\Website\Assaye Packaging\garden2.html --> assayepackaging.co.uk /www.assayepackaging.co.uk garden2.html
2008.04.09 09:22 B F:\Website\Assaye Packaging\garden3.html --> assayepackaging.co.uk /www.assayepackaging.co.uk garden3.html
2008.04.09 09:22 B F:\Website\Assaye Packaging\garden4.html --> assayepackaging.co.uk /www.assayepackaging.co.uk garden4.html
2008.04.09 09:22 B F:\Website\Assaye Packaging\Glee.html --> assayepackaging.co.uk /www.assayepackaging.co.uk Glee.html
2008.04.09 09:22 B F:\Website\Assaye Packaging\group.jpg --> assayepackaging.co.uk /www.assayepackaging.co.uk group.jpg
2008.04.09 09:22 B F:\Website\Assaye Packaging\index.html --> assayepackaging.co.uk /www.assayepackaging.co.uk index.html
2008.04.09 09:22 B F:\Website\Assaye Packaging\lambags.html --> assayepackaging.co.uk /www.assayepackaging.co.uk lambags.html
2008.04.09 09:22 B F:\Website\Assaye Packaging\lampouch.html --> assayepackaging.co.uk /www.assayepackaging.co.uk lampouch.html
2008.04.09 09:22 B F:\Website\Assaye Packaging\np.html --> assayepackaging.co.uk /www.assayepackaging.co.uk np.html
2008.04.09 09:22 B F:\Website\Assaye Packaging\np2.html --> assayepackaging.co.uk /www.assayepackaging.co.uk np2.html
2008.04.09 09:22 B F:\Website\Assaye Packaging\np3.html --> assayepackaging.co.uk /www.assayepackaging.co.uk np3.html
2008.04.09 09:22 B F:\Website\Assaye Packaging\np4.html --> assayepackaging.co.uk /www.assayepackaging.co.uk np4.html
2008.04.09 09:22 B F:\Website\Assaye Packaging\np5.html --> assayepackaging.co.uk /www.assayepackaging.co.uk np5.html
2008.04.09 09:22 B F:\Website\Assaye Packaging\poly.html --> assayepackaging.co.uk /www.assayepackaging.co.uk poly.html
2008.04.09 09:22 B F:\Website\Assaye Packaging\printed film.html --> assayepackaging.co.uk /www.assayepackaging.co.uk printed film.html
2008.04.09 09:23 B F:\Website\Assaye Packaging\slideshow 08.sbtf --> assayepackaging.co.uk /www.assayepackaging.co.uk slideshow 08.sbtf
2008.04.09 09:23 B F:\Website\Assaye Packaging\Thumbs.db --> assayepackaging.co.uk /www.assayepackaging.co.uk Thumbs.db
2008.04.09 09:23 B F:\Website\Assaye Packaging\titlebarA.jpg --> assayepackaging.co.uk /www.assayepackaging.co.uk titlebarA.jpg
2008.04.09 09:30 B F:\Website\Assaye Packaging\gallery.html --> assayepackaging.co.uk /www.assayepackaging.co.uk gallery.html
2008.04.09 19:25 B F:\Website\Assaye Packaging\contact.html --> assayepackaging.co.uk /www.assayepackaging.co.uk contact.html
2008.04.14 14:37 B F:\Website\Assaye Packaging\index.html --> assayepackaging.co.uk /www.assayepackaging.co.uk index.html
2008.04.15 11:15 B F:\Website\Assaye Packaging\dog8.html --> assayepackaging.co.uk /www.assayepackaging.co.uk dog8.html
2008.04.15 11:18 B F:\Website\Assaye Packaging\dog.html --> assayepackaging.co.uk /www.assayepackaging.co.uk dog.html
2008.04.15 11:18 B F:\Website\Assaye Packaging\dog2.html --> assayepackaging.co.uk /www.assayepackaging.co.uk dog2.html
2008.04.15 11:18 B F:\Website\Assaye Packaging\dog3.html --> assayepackaging.co.uk /www.assayepackaging.co.uk dog3.html
2008.04.15 11:18 B F:\Website\Assaye Packaging\dog4.html --> assayepackaging.co.uk /www.assayepackaging.co.uk dog4.html
2008.04.15 11:18 B F:\Website\Assaye Packaging\dog5.html --> assayepackaging.co.uk /www.assayepackaging.co.uk dog5.html
2008.04.15 11:18 B F:\Website\Assaye Packaging\dog6.html --> assayepackaging.co.uk /www.assayepackaging.co.uk dog6.html
2008.04.15 11:19 B F:\Website\Assaye Packaging\dog7.html --> assayepackaging.co.uk /www.assayepackaging.co.uk dog7.html
2008.04.15 11:19 B F:\Website\Assaye Packaging\dog8.html --> assayepackaging.co.uk /www.assayepackaging.co.uk dog8.html
2008.04.15 11:19 B F:\Website\Assaye Packaging\dog7.html --> assayepackaging.co.uk /www.assayepackaging.co.uk dog7.html
2008.04.15 11:21 B F:\Website\Assaye Packaging\dog3.html --> assayepackaging.co.uk /www.assayepackaging.co.uk dog3.html
2008.04.15 11:21 B F:\Website\Assaye Packaging\dog2.html --> assayepackaging.co.uk /www.assayepackaging.co.uk dog2.html
2008.04.15 11:21 B F:\Website\Assaye Packaging\dog.html --> assayepackaging.co.uk /www.assayepackaging.co.uk dog.html
2008.04.15 11:22 B F:\Website\Assaye Packaging\dog.html --> assayepackaging.co.uk /www.assayepackaging.co.uk dog.html
2008.04.15 11:24 B F:\Website\Assaye Packaging\dog5.html --> assayepackaging.co.uk /www.assayepackaging.co.uk dog5.html
2008.04.15 11:33 B F:\Website\Assaye Packaging\dog8.html --> assayepackaging.co.uk /www.assayepackaging.co.uk dog8.html
2008.04.17 13:03 B F:\Website\Assaye Packaging\index.html --> assayepackaging.co.uk /www.assayepackaging.co.uk index.html
2008.04.17 13:03 B F:\Website\Assaye Packaging\bait.html --> assayepackaging.co.uk /www.assayepackaging.co.uk bait.html
2008.04.17 13:03 B F:\Website\Assaye Packaging\np3.html --> assayepackaging.co.uk /www.assayepackaging.co.uk np3.html
2008.04.17 13:03 B F:\Website\Assaye Packaging\bait2.html --> assayepackaging.co.uk /www.assayepackaging.co.uk bait2.html
2008.04.17 13:03 B F:\Website\Assaye Packaging\bait2 old.html --> assayepackaging.co.uk /www.assayepackaging.co.uk bait2 old.html
2008.04.17 13:03 B F:\Website\Assaye Packaging\garden4.html --> assayepackaging.co.uk /www.assayepackaging.co.uk garden4.html
2008.04.17 13:03 B F:\Website\Assaye Packaging\garden.html --> assayepackaging.co.uk /www.assayepackaging.co.uk garden.html
2008.04.17 13:03 B F:\Website\Assaye Packaging\cat2.html --> assayepackaging.co.uk /www.assayepackaging.co.uk cat2.html
2008.04.17 13:03 B F:\Website\Assaye Packaging\cat1.html --> assayepackaging.co.uk /www.assayepackaging.co.uk cat1.html
2008.04.17 13:03 B F:\Website\Assaye Packaging\cat1- old.html --> assayepackaging.co.uk /www.assayepackaging.co.uk cat1- old.html
2008.04.17 13:04 B F:\Website\Assaye Packaging\dog8.html --> assayepackaging.co.uk /www.assayepackaging.co.uk dog8.html
2008.04.17 13:04 B F:\Website\Assaye Packaging\cat3.html --> assayepackaging.co.uk /www.assayepackaging.co.uk cat3.html
2008.04.17 13:04 B F:\Website\Assaye Packaging\Thumbs.db --> assayepackaging.co.uk /www.assayepackaging.co.uk Thumbs.db
2008.04.17 13:04 B F:\Website\Assaye Packaging\dog9.html --> assayepackaging.co.uk /www.assayepackaging.co.uk dog9.html
2008.04.17 13:04 B F:\Website\Assaye Packaging\np.html --> assayepackaging.co.uk /www.assayepackaging.co.uk np.html
2008.04.17 13:04 B F:\Website\Assaye Packaging\dog15.html --> assayepackaging.co.uk /www.assayepackaging.co.uk dog15.html
2008.04.17 13:04 B F:\Website\Assaye Packaging\dog14.html --> assayepackaging.co.uk /www.assayepackaging.co.uk dog14.html
2008.04.17 13:04 B F:\Website\Assaye Packaging\dog13.html --> assayepackaging.co.uk /www.assayepackaging.co.uk dog13.html
2008.04.17 13:04 B F:\Website\Assaye Packaging\dog12.html --> assayepackaging.co.uk /www.assayepackaging.co.uk dog12.html
2008.04.17 13:04 B F:\Website\Assaye Packaging\dog11.html --> assayepackaging.co.uk /www.assayepackaging.co.uk dog11.html
2008.04.17 13:04 B F:\Website\Assaye Packaging\dog10.html --> assayepackaging.co.uk /www.assayepackaging.co.uk dog10.html
